<?xml version="1.0" encoding="UTF-8"?>
<testng-results skipped="0" failed="0" total="3" passed="3">
  <reporter-output>
  </reporter-output>
  <suite name="Default suite" duration-ms="78" started-at="2015-10-17T22:27:51Z" finished-at="2015-10-17T22:27:51Z">
    <groups>
    </groups>
    <test name="Default test" duration-ms="78" started-at="2015-10-17T22:27:51Z" finished-at="2015-10-17T22:27:51Z">
      <class name="Example1.TRY1AntJenkins">
        <test-method status="PASS" signature="login()[pri:0, instance:Example1.TRY1AntJenkins@2aaf7cc2]" name="login" duration-ms="16" started-at="2015-10-17T15:27:51Z" finished-at="2015-10-17T15:27:51Z">
          <reporter-output>
          </reporter-output>
        </test-method> <!-- login -->
        <test-method status="PASS" signature="navigating()[pri:0, instance:Example1.TRY1AntJenkins@2aaf7cc2]" name="navigating" duration-ms="15" started-at="2015-10-17T15:27:51Z" finished-at="2015-10-17T15:27:51Z">
          <reporter-output>
          </reporter-output>
        </test-method> <!-- navigating -->
        <test-method status="PASS" signature="logout()[pri:0, instance:Example1.TRY1AntJenkins@2aaf7cc2]" name="logout" duration-ms="0" started-at="2015-10-17T15:27:51Z" depends-on-methods="Example1.TRY1AntJenkins.navigating, Example1.TRY1AntJenkins.login" finished-at="2015-10-17T15:27:51Z">
          <reporter-output>
          </reporter-output>
        </test-method> <!-- logout -->
      </class> <!-- Example1.TRY1AntJenkins -->
    </test> <!-- Default test -->
  </suite> <!-- Default suite -->
</testng-results>
