<?xml version="1.0" encoding="UTF-8"?>
<testng-results skipped="0" failed="0" total="1" passed="1">
  <reporter-output>
  </reporter-output>
  <suite name="Default suite" duration-ms="31559" started-at="2015-10-19T05:48:35Z" finished-at="2015-10-19T05:49:07Z">
    <groups>
    </groups>
    <test name="Default test" duration-ms="31559" started-at="2015-10-19T05:48:35Z" finished-at="2015-10-19T05:49:07Z">
      <class name="Example1">
        <test-method status="PASS" signature="test()[pri:0, instance:Example1@1d77d9e]" name="test" duration-ms="31481" started-at="2015-10-18T22:48:35Z" finished-at="2015-10-18T22:49:07Z">
          <reporter-output>
          </reporter-output>
        </test-method> <!-- test -->
      </class> <!-- Example1 -->
    </test> <!-- Default test -->
  </suite> <!-- Default suite -->
</testng-results>
