<?xml version="1.0" encoding="UTF-8"?>
<!-- Generated by org.testng.reporters.JUnitReportReporter -->
<testsuite hostname="PRASADNAIK" name="TestNg.TestNgPriority" tests="3" failures="0" timestamp="16 Oct 2015 06:19:03 GMT" time="0.011" errors="0">
  <testcase name="login" time="0.011" classname="TestNg.TestNgPriority"/>
  <testcase name="navigating" time="0.000" classname="TestNg.TestNgPriority"/>
  <testcase name="logout" time="0.000" classname="TestNg.TestNgPriority"/>
</testsuite> <!-- TestNg.TestNgPriority -->
